<?xml version="1.0" encoding="UTF-8"?>
<!-- Generated by org.testng.reporters.JUnitXMLReporter -->
<testsuite ignored="0" hostname="DESKTOP-875RBT8" failures="1" tests="2" name="Error Validations Test" time="48.92" errors="0" timestamp="2024-12-30T04:25:12 EST">
  <testcase classname="Test.SeleniumFramework.Tests.ErrorValidationsTest" name="LoginErrorValidations" time="5.798">
    <failure type="java.lang.AssertionError" message="expected [Incorrect email or password.] but found [Incorrect email  password.]">
      <![CDATA[java.lang.AssertionError: expected [Incorrect email or password.] but found [Incorrect email  password.]
at Test.SeleniumFramework.Tests.ErrorValidationsTest.LoginErrorValidations(ErrorValidationsTest.java:25)
at java.base/java.util.ArrayList.forEach(ArrayList.java:1597)
at java.base/java.util.concurrent.FutureTask.run(FutureTask.java:317)
at java.base/java.util.concurrent.ThreadPoolExecutor.runWorker(ThreadPoolExecutor.java:1144)
at java.base/java.util.concurrent.ThreadPoolExecutor$Worker.run(ThreadPoolExecutor.java:642)
at java.base/java.lang.Thread.run(Thread.java:1575)
... Removed 21 stack frames]]>
    </failure>
  </testcase> <!-- LoginErrorValidations -->
  <testcase classname="Test.SeleniumFramework.Tests.ErrorValidationsTest" name="productErrorValidations" time="10.051"/>
</testsuite> <!-- Error Validations Test -->
